{"/home/tvirolai/dev/marc-record-validate-cli/build/cli.spec.js":{"path":"/home/tvirolai/dev/marc-record-validate-cli/build/cli.spec.js","s":{"1":1,"2":1,"3":1,"4":1,"5":1,"6":1,"7":1,"8":1,"9":3,"10":1,"11":1,"12":0,"13":0,"14":0,"15":0,"16":0,"17":0,"18":0,"19":0,"20":0,"21":0,"22":0,"23":0,"24":0},"b":{"1":[0,3],"2":[3,3],"3":[0,0,0,0]},"f":{"1":3,"2":0,"3":0,"4":0,"5":0},"fnMap":{"1":{"name":"_interopRequireDefault","line":17,"loc":{"start":{"line":17,"column":0},"end":{"line":17,"column":37}}},"2":{"name":"(anonymous_2)","line":21,"loc":{"start":{"line":21,"column":16},"end":{"line":21,"column":28}}},"3":{"name":"_callee","line":22,"loc":{"start":{"line":22,"column":41},"end":{"line":22,"column":60}}},"4":{"name":"_callee$","line":24,"loc":{"start":{"line":24,"column":36},"end":{"line":24,"column":64}}},"5":{"name":"(anonymous_5)","line":44,"loc":{"start":{"line":44,"column":54},"end":{"line":44,"column":66}}}},"statementMap":{"1":{"start":{"line":3,"column":0},"end":{"line":3,"column":28}},"2":{"start":{"line":5,"column":0},"end":{"line":5,"column":43}},"3":{"start":{"line":7,"column":0},"end":{"line":7,"column":46}},"4":{"start":{"line":9,"column":0},"end":{"line":9,"column":59}},"5":{"start":{"line":11,"column":0},"end":{"line":11,"column":50}},"6":{"start":{"line":13,"column":0},"end":{"line":13,"column":63}},"7":{"start":{"line":15,"column":0},"end":{"line":15,"column":38}},"8":{"start":{"line":17,"column":0},"end":{"line":17,"column":95}},"9":{"start":{"line":17,"column":39},"end":{"line":17,"column":93}},"10":{"start":{"line":19,"column":0},"end":{"line":19,"column":45}},"11":{"start":{"line":21,"column":0},"end":{"line":48,"column":3}},"12":{"start":{"line":22,"column":2},"end":{"line":42,"column":5}},"13":{"start":{"line":23,"column":4},"end":{"line":23,"column":12}},"14":{"start":{"line":24,"column":4},"end":{"line":41,"column":24}},"15":{"start":{"line":25,"column":6},"end":{"line":40,"column":7}},"16":{"start":{"line":26,"column":8},"end":{"line":39,"column":9}},"17":{"start":{"line":28,"column":12},"end":{"line":28,"column":30}},"18":{"start":{"line":29,"column":12},"end":{"line":29,"column":66}},"19":{"start":{"line":32,"column":12},"end":{"line":32,"column":32}},"20":{"start":{"line":34,"column":12},"end":{"line":34,"column":63}},"21":{"start":{"line":38,"column":12},"end":{"line":38,"column":35}},"22":{"start":{"line":44,"column":2},"end":{"line":47,"column":5}},"23":{"start":{"line":45,"column":4},"end":{"line":45,"column":62}},"24":{"start":{"line":46,"column":4},"end":{"line":46,"column":63}}},"branchMap":{"1":{"line":17,"type":"cond-expr","locations":[{"start":{"line":17,"column":70},"end":{"line":17,"column":73}},{"start":{"line":17,"column":76},"end":{"line":17,"column":92}}]},"2":{"line":17,"type":"binary-expr","locations":[{"start":{"line":17,"column":46},"end":{"line":17,"column":49}},{"start":{"line":17,"column":53},"end":{"line":17,"column":67}}]},"3":{"line":26,"type":"switch","locations":[{"start":{"line":27,"column":10},"end":{"line":29,"column":66}},{"start":{"line":31,"column":10},"end":{"line":34,"column":63}},{"start":{"line":36,"column":10},"end":{"line":36,"column":17}},{"start":{"line":37,"column":10},"end":{"line":38,"column":35}}]}}},"/home/tvirolai/dev/marc-record-validate-cli/build/cli.js":{"path":"/home/tvirolai/dev/marc-record-validate-cli/build/cli.js","s":{"1":1,"2":1,"3":1,"4":1,"5":1,"6":1,"7":1,"8":1,"9":1,"10":1,"11":1,"12":1,"13":1,"14":0,"15":1,"16":1,"17":1,"18":79,"19":79,"20":1,"21":1,"22":1,"23":1,"24":1,"25":0,"26":1,"27":1,"28":0,"29":1,"30":0,"31":0,"32":0,"33":0,"34":0,"35":0,"36":0,"37":0,"38":0,"39":0,"40":0,"41":0,"42":0,"43":0,"44":0,"45":0,"46":0,"47":0,"48":0,"49":0,"50":0,"51":0,"52":0,"53":0,"54":0,"55":0,"56":0,"57":0,"58":0,"59":0,"60":0,"61":1,"62":0,"63":0,"64":0,"65":0,"66":0,"67":0,"68":0,"69":0,"70":0,"71":0,"72":1,"73":0,"74":0,"75":0,"76":0,"77":0,"78":0,"79":0,"80":0,"81":0,"82":0,"83":0,"84":0,"85":0,"86":0,"87":0,"88":0,"89":0,"90":0,"91":0,"92":0,"93":0,"94":0,"95":0,"96":0,"97":1,"98":0},"b":{"1":[0,1],"2":[1,1],"3":[1,0],"4":[79,0],"5":[0,1],"6":[1,1],"7":[0,1],"8":[1,1],"9":[0,0],"10":[0,0,0,0,0,0,0,0,0,0],"11":[0,0],"12":[0,0],"13":[0,0],"14":[0,0,0,0],"15":[0,0,0,0,0,0,0],"16":[0,0],"17":[0,0],"18":[0,1]},"f":{"1":1,"2":1,"3":0,"4":0,"5":0,"6":0,"7":0,"8":0,"9":0},"fnMap":{"1":{"name":"_interopRequireWildcard","line":24,"loc":{"start":{"line":24,"column":0},"end":{"line":24,"column":38}}},"2":{"name":"_interopRequireDefault","line":26,"loc":{"start":{"line":26,"column":0},"end":{"line":26,"column":37}}},"3":{"name":"isValid","line":37,"loc":{"start":{"line":37,"column":0},"end":{"line":37,"column":21}}},"4":{"name":"fix","line":46,"loc":{"start":{"line":46,"column":0},"end":{"line":46,"column":17}}},"5":{"name":"fix$","line":48,"loc":{"start":{"line":48,"column":34},"end":{"line":48,"column":58}}},"6":{"name":"save","line":109,"loc":{"start":{"line":109,"column":0},"end":{"line":109,"column":22}}},"7":{"name":"save$","line":111,"loc":{"start":{"line":111,"column":34},"end":{"line":111,"column":60}}},"8":{"name":"validateAndFix","line":132,"loc":{"start":{"line":132,"column":0},"end":{"line":132,"column":28}}},"9":{"name":"validateAndFix$","line":134,"loc":{"start":{"line":134,"column":34},"end":{"line":134,"column":70}}}},"statementMap":{"1":{"start":{"line":3,"column":0},"end":{"line":5,"column":3}},"2":{"start":{"line":6,"column":0},"end":{"line":6,"column":18}},"3":{"start":{"line":7,"column":0},"end":{"line":7,"column":20}},"4":{"start":{"line":8,"column":0},"end":{"line":8,"column":40}},"5":{"start":{"line":10,"column":0},"end":{"line":10,"column":26}},"6":{"start":{"line":12,"column":0},"end":{"line":12,"column":46}},"7":{"start":{"line":14,"column":0},"end":{"line":14,"column":59}},"8":{"start":{"line":16,"column":0},"end":{"line":16,"column":34}},"9":{"start":{"line":18,"column":0},"end":{"line":18,"column":30}},"10":{"start":{"line":20,"column":0},"end":{"line":20,"column":44}},"11":{"start":{"line":22,"column":0},"end":{"line":22,"column":34}},"12":{"start":{"line":24,"column":0},"end":{"line":24,"column":269}},"13":{"start":{"line":24,"column":40},"end":{"line":24,"column":267}},"14":{"start":{"line":24,"column":69},"end":{"line":24,"column":80}},"15":{"start":{"line":24,"column":90},"end":{"line":24,"column":106}},"16":{"start":{"line":24,"column":107},"end":{"line":24,"column":228}},"17":{"start":{"line":24,"column":126},"end":{"line":24,"column":226}},"18":{"start":{"line":24,"column":149},"end":{"line":24,"column":224}},"19":{"start":{"line":24,"column":201},"end":{"line":24,"column":224}},"20":{"start":{"line":24,"column":229},"end":{"line":24,"column":250}},"21":{"start":{"line":24,"column":251},"end":{"line":24,"column":265}},"22":{"start":{"line":26,"column":0},"end":{"line":26,"column":95}},"23":{"start":{"line":26,"column":39},"end":{"line":26,"column":93}},"24":{"start":{"line":28,"column":0},"end":{"line":30,"column":1}},"25":{"start":{"line":29,"column":2},"end":{"line":29,"column":88}},"26":{"start":{"line":35,"column":0},"end":{"line":35,"column":369}},"27":{"start":{"line":37,"column":0},"end":{"line":39,"column":1}},"28":{"start":{"line":38,"column":2},"end":{"line":38,"column":50}},"29":{"start":{"line":46,"column":0},"end":{"line":107,"column":1}},"30":{"start":{"line":47,"column":2},"end":{"line":47,"column":35}},"31":{"start":{"line":48,"column":2},"end":{"line":106,"column":28}},"32":{"start":{"line":49,"column":4},"end":{"line":105,"column":5}},"33":{"start":{"line":50,"column":6},"end":{"line":104,"column":7}},"34":{"start":{"line":52,"column":10},"end":{"line":55,"column":11}},"35":{"start":{"line":53,"column":12},"end":{"line":53,"column":30}},"36":{"start":{"line":54,"column":12},"end":{"line":54,"column":18}},"37":{"start":{"line":57,"column":10},"end":{"line":57,"column":54}},"38":{"start":{"line":60,"column":10},"end":{"line":60,"column":28}},"39":{"start":{"line":61,"column":10},"end":{"line":61,"column":28}},"40":{"start":{"line":62,"column":10},"end":{"line":62,"column":73}},"41":{"start":{"line":65,"column":10},"end":{"line":65,"column":33}},"42":{"start":{"line":67,"column":10},"end":{"line":70,"column":11}},"43":{"start":{"line":68,"column":12},"end":{"line":68,"column":30}},"44":{"start":{"line":69,"column":12},"end":{"line":69,"column":18}},"45":{"start":{"line":72,"column":10},"end":{"line":72,"column":49}},"46":{"start":{"line":75,"column":10},"end":{"line":75,"column":61}},"47":{"start":{"line":76,"column":10},"end":{"line":76,"column":29}},"48":{"start":{"line":77,"column":10},"end":{"line":77,"column":73}},"49":{"start":{"line":80,"column":10},"end":{"line":80,"column":34}},"50":{"start":{"line":82,"column":10},"end":{"line":85,"column":11}},"51":{"start":{"line":83,"column":12},"end":{"line":83,"column":31}},"52":{"start":{"line":84,"column":12},"end":{"line":84,"column":18}},"53":{"start":{"line":87,"column":10},"end":{"line":87,"column":29}},"54":{"start":{"line":88,"column":10},"end":{"line":88,"column":73}},"55":{"start":{"line":91,"column":10},"end":{"line":91,"column":34}},"56":{"start":{"line":94,"column":10},"end":{"line":94,"column":51}},"57":{"start":{"line":97,"column":10},"end":{"line":97,"column":29}},"58":{"start":{"line":98,"column":10},"end":{"line":98,"column":45}},"59":{"start":{"line":99,"column":10},"end":{"line":99,"column":72}},"60":{"start":{"line":103,"column":10},"end":{"line":103,"column":33}},"61":{"start":{"line":109,"column":0},"end":{"line":130,"column":1}},"62":{"start":{"line":110,"column":2},"end":{"line":110,"column":15}},"63":{"start":{"line":111,"column":2},"end":{"line":129,"column":17}},"64":{"start":{"line":112,"column":4},"end":{"line":128,"column":5}},"65":{"start":{"line":113,"column":6},"end":{"line":127,"column":7}},"66":{"start":{"line":115,"column":10},"end":{"line":115,"column":29}},"67":{"start":{"line":116,"column":10},"end":{"line":116,"column":79}},"68":{"start":{"line":119,"column":10},"end":{"line":119,"column":36}},"69":{"start":{"line":121,"column":10},"end":{"line":121,"column":32}},"70":{"start":{"line":122,"column":10},"end":{"line":122,"column":54}},"71":{"start":{"line":126,"column":10},"end":{"line":126,"column":34}},"72":{"start":{"line":132,"column":0},"end":{"line":178,"column":1}},"73":{"start":{"line":133,"column":2},"end":{"line":133,"column":45}},"74":{"start":{"line":134,"column":2},"end":{"line":177,"column":17}},"75":{"start":{"line":135,"column":4},"end":{"line":176,"column":5}},"76":{"start":{"line":136,"column":6},"end":{"line":175,"column":7}},"77":{"start":{"line":138,"column":10},"end":{"line":138,"column":55}},"78":{"start":{"line":139,"column":10},"end":{"line":139,"column":29}},"79":{"start":{"line":140,"column":10},"end":{"line":140,"column":73}},"80":{"start":{"line":143,"column":10},"end":{"line":143,"column":34}},"81":{"start":{"line":145,"column":10},"end":{"line":148,"column":11}},"82":{"start":{"line":146,"column":12},"end":{"line":146,"column":32}},"83":{"start":{"line":147,"column":12},"end":{"line":147,"column":18}},"84":{"start":{"line":150,"column":10},"end":{"line":150,"column":61}},"85":{"start":{"line":152,"column":10},"end":{"line":152,"column":49}},"86":{"start":{"line":153,"column":10},"end":{"line":153,"column":29}},"87":{"start":{"line":154,"column":10},"end":{"line":154,"column":73}},"88":{"start":{"line":157,"column":10},"end":{"line":157,"column":35}},"89":{"start":{"line":159,"column":10},"end":{"line":161,"column":11}},"90":{"start":{"line":160,"column":12},"end":{"line":160,"column":45}},"91":{"start":{"line":162,"column":10},"end":{"line":162,"column":31}},"92":{"start":{"line":165,"column":10},"end":{"line":165,"column":30}},"93":{"start":{"line":166,"column":10},"end":{"line":166,"column":56}},"94":{"start":{"line":169,"column":10},"end":{"line":169,"column":36}},"95":{"start":{"line":170,"column":10},"end":{"line":170,"column":54}},"96":{"start":{"line":174,"column":10},"end":{"line":174,"column":34}},"97":{"start":{"line":183,"column":0},"end":{"line":185,"column":1}},"98":{"start":{"line":184,"column":2},"end":{"line":184,"column":25}}},"branchMap":{"1":{"line":24,"type":"if","locations":[{"start":{"line":24,"column":40},"end":{"line":24,"column":40}},{"start":{"line":24,"column":40},"end":{"line":24,"column":40}}]},"2":{"line":24,"type":"binary-expr","locations":[{"start":{"line":24,"column":44},"end":{"line":24,"column":47}},{"start":{"line":24,"column":51},"end":{"line":24,"column":65}}]},"3":{"line":24,"type":"if","locations":[{"start":{"line":24,"column":107},"end":{"line":24,"column":107}},{"start":{"line":24,"column":107},"end":{"line":24,"column":107}}]},"4":{"line":24,"type":"if","locations":[{"start":{"line":24,"column":149},"end":{"line":24,"column":149}},{"start":{"line":24,"column":149},"end":{"line":24,"column":149}}]},"5":{"line":26,"type":"cond-expr","locations":[{"start":{"line":26,"column":70},"end":{"line":26,"column":73}},{"start":{"line":26,"column":76},"end":{"line":26,"column":92}}]},"6":{"line":26,"type":"binary-expr","locations":[{"start":{"line":26,"column":46},"end":{"line":26,"column":49}},{"start":{"line":26,"column":53},"end":{"line":26,"column":67}}]},"7":{"line":28,"type":"if","locations":[{"start":{"line":28,"column":0},"end":{"line":28,"column":0}},{"start":{"line":28,"column":0},"end":{"line":28,"column":0}}]},"8":{"line":28,"type":"binary-expr","locations":[{"start":{"line":28,"column":4},"end":{"line":28,"column":30}},{"start":{"line":28,"column":34},"end":{"line":28,"column":60}}]},"9":{"line":38,"type":"binary-expr","locations":[{"start":{"line":38,"column":9},"end":{"line":38,"column":23}},{"start":{"line":38,"column":27},"end":{"line":38,"column":49}}]},"10":{"line":50,"type":"switch","locations":[{"start":{"line":51,"column":8},"end":{"line":57,"column":54}},{"start":{"line":59,"column":8},"end":{"line":62,"column":73}},{"start":{"line":64,"column":8},"end":{"line":72,"column":49}},{"start":{"line":74,"column":8},"end":{"line":77,"column":73}},{"start":{"line":79,"column":8},"end":{"line":88,"column":73}},{"start":{"line":90,"column":8},"end":{"line":91,"column":34}},{"start":{"line":93,"column":8},"end":{"line":94,"column":51}},{"start":{"line":96,"column":8},"end":{"line":99,"column":72}},{"start":{"line":101,"column":8},"end":{"line":101,"column":16}},{"start":{"line":102,"column":8},"end":{"line":103,"column":33}}]},"11":{"line":52,"type":"if","locations":[{"start":{"line":52,"column":10},"end":{"line":52,"column":10}},{"start":{"line":52,"column":10},"end":{"line":52,"column":10}}]},"12":{"line":67,"type":"if","locations":[{"start":{"line":67,"column":10},"end":{"line":67,"column":10}},{"start":{"line":67,"column":10},"end":{"line":67,"column":10}}]},"13":{"line":82,"type":"if","locations":[{"start":{"line":82,"column":10},"end":{"line":82,"column":10}},{"start":{"line":82,"column":10},"end":{"line":82,"column":10}}]},"14":{"line":113,"type":"switch","locations":[{"start":{"line":114,"column":8},"end":{"line":116,"column":79}},{"start":{"line":118,"column":8},"end":{"line":122,"column":54}},{"start":{"line":124,"column":8},"end":{"line":124,"column":15}},{"start":{"line":125,"column":8},"end":{"line":126,"column":34}}]},"15":{"line":136,"type":"switch","locations":[{"start":{"line":137,"column":8},"end":{"line":140,"column":73}},{"start":{"line":142,"column":8},"end":{"line":154,"column":73}},{"start":{"line":156,"column":8},"end":{"line":162,"column":31}},{"start":{"line":164,"column":8},"end":{"line":166,"column":56}},{"start":{"line":168,"column":8},"end":{"line":170,"column":54}},{"start":{"line":172,"column":8},"end":{"line":172,"column":16}},{"start":{"line":173,"column":8},"end":{"line":174,"column":34}}]},"16":{"line":145,"type":"if","locations":[{"start":{"line":145,"column":10},"end":{"line":145,"column":10}},{"start":{"line":145,"column":10},"end":{"line":145,"column":10}}]},"17":{"line":159,"type":"if","locations":[{"start":{"line":159,"column":10},"end":{"line":159,"column":10}},{"start":{"line":159,"column":10},"end":{"line":159,"column":10}}]},"18":{"line":183,"type":"if","locations":[{"start":{"line":183,"column":0},"end":{"line":183,"column":0}},{"start":{"line":183,"column":0},"end":{"line":183,"column":0}}]}}},"/home/tvirolai/dev/marc-record-validate-cli/build/config.js":{"path":"/home/tvirolai/dev/marc-record-validate-cli/build/config.js","s":{"1":1,"2":1,"3":1,"4":1,"5":1,"6":1,"7":1,"8":2,"9":1,"10":1,"11":1,"12":1,"13":1,"14":1},"b":{"1":[0,2],"2":[2,2],"3":[1,1],"4":[1,1]},"f":{"1":2},"fnMap":{"1":{"name":"_interopRequireDefault","line":16,"loc":{"start":{"line":16,"column":0},"end":{"line":16,"column":37}}}},"statementMap":{"1":{"start":{"line":3,"column":0},"end":{"line":5,"column":3}},"2":{"start":{"line":6,"column":0},"end":{"line":6,"column":65}},"3":{"start":{"line":8,"column":0},"end":{"line":8,"column":58}},"4":{"start":{"line":10,"column":0},"end":{"line":10,"column":71}},"5":{"start":{"line":12,"column":0},"end":{"line":12,"column":64}},"6":{"start":{"line":14,"column":0},"end":{"line":14,"column":67}},"7":{"start":{"line":16,"column":0},"end":{"line":16,"column":95}},"8":{"start":{"line":16,"column":39},"end":{"line":16,"column":93}},"9":{"start":{"line":21,"column":0},"end":{"line":46,"column":3}},"10":{"start":{"line":51,"column":0},"end":{"line":55,"column":3}},"11":{"start":{"line":57,"column":0},"end":{"line":57,"column":76}},"12":{"start":{"line":59,"column":0},"end":{"line":59,"column":28}},"13":{"start":{"line":60,"column":0},"end":{"line":60,"column":24}},"14":{"start":{"line":61,"column":0},"end":{"line":61,"column":28}}},"branchMap":{"1":{"line":16,"type":"cond-expr","locations":[{"start":{"line":16,"column":70},"end":{"line":16,"column":73}},{"start":{"line":16,"column":76},"end":{"line":16,"column":92}}]},"2":{"line":16,"type":"binary-expr","locations":[{"start":{"line":16,"column":46},"end":{"line":16,"column":49}},{"start":{"line":16,"column":53},"end":{"line":16,"column":67}}]},"3":{"line":52,"type":"binary-expr","locations":[{"start":{"line":52,"column":12},"end":{"line":52,"column":36}},{"start":{"line":52,"column":40},"end":{"line":52,"column":89}}]},"4":{"line":57,"type":"binary-expr","locations":[{"start":{"line":57,"column":15},"end":{"line":57,"column":35}},{"start":{"line":57,"column":39},"end":{"line":57,"column":75}}]}}}}