TN:
SF:/home/tvirolai/dev/marc-record-validate-cli/build/cli.spec.js
FN:17,_interopRequireDefault
FN:21,(anonymous_2)
FN:22,_callee
FN:24,_callee$
FN:44,(anonymous_5)
FNF:5
FNH:1
FNDA:3,_interopRequireDefault
FNDA:0,(anonymous_2)
FNDA:0,_callee
FNDA:0,_callee$
FNDA:0,(anonymous_5)
DA:3,1
DA:5,1
DA:7,1
DA:9,1
DA:11,1
DA:13,1
DA:15,1
DA:17,3
DA:19,1
DA:21,1
DA:22,0
DA:23,0
DA:24,0
DA:25,0
DA:26,0
DA:28,0
DA:29,0
DA:32,0
DA:34,0
DA:38,0
DA:44,0
DA:45,0
DA:46,0
LF:23
LH:10
BRDA:17,1,0,0
BRDA:17,1,1,3
BRDA:17,2,0,3
BRDA:17,2,1,3
BRDA:26,3,0,0
BRDA:26,3,1,0
BRDA:26,3,2,0
BRDA:26,3,3,0
BRF:8
BRH:3
end_of_record
TN:
SF:/home/tvirolai/dev/marc-record-validate-cli/build/cli.js
FN:24,_interopRequireWildcard
FN:26,_interopRequireDefault
FN:37,isValid
FN:46,fix
FN:48,fix$
FN:109,save
FN:111,save$
FN:132,validateAndFix
FN:134,validateAndFix$
FNF:9
FNH:2
FNDA:1,_interopRequireWildcard
FNDA:1,_interopRequireDefault
FNDA:0,isValid
FNDA:0,fix
FNDA:0,fix$
FNDA:0,save
FNDA:0,save$
FNDA:0,validateAndFix
FNDA:0,validateAndFix$
DA:3,1
DA:6,1
DA:7,1
DA:8,1
DA:10,1
DA:12,1
DA:14,1
DA:16,1
DA:18,1
DA:20,1
DA:22,1
DA:24,79
DA:26,1
DA:28,1
DA:29,0
DA:35,1
DA:37,1
DA:38,0
DA:46,1
DA:47,0
DA:48,0
DA:49,0
DA:50,0
DA:52,0
DA:53,0
DA:54,0
DA:57,0
DA:60,0
DA:61,0
DA:62,0
DA:65,0
DA:67,0
DA:68,0
DA:69,0
DA:72,0
DA:75,0
DA:76,0
DA:77,0
DA:80,0
DA:82,0
DA:83,0
DA:84,0
DA:87,0
DA:88,0
DA:91,0
DA:94,0
DA:97,0
DA:98,0
DA:99,0
DA:103,0
DA:109,1
DA:110,0
DA:111,0
DA:112,0
DA:113,0
DA:115,0
DA:116,0
DA:119,0
DA:121,0
DA:122,0
DA:126,0
DA:132,1
DA:133,0
DA:134,0
DA:135,0
DA:136,0
DA:138,0
DA:139,0
DA:140,0
DA:143,0
DA:145,0
DA:146,0
DA:147,0
DA:150,0
DA:152,0
DA:153,0
DA:154,0
DA:157,0
DA:159,0
DA:160,0
DA:162,0
DA:165,0
DA:166,0
DA:169,0
DA:170,0
DA:174,0
DA:183,1
DA:184,0
LF:88
LH:20
BRDA:24,1,0,0
BRDA:24,1,1,1
BRDA:24,2,0,1
BRDA:24,2,1,1
BRDA:24,3,0,1
BRDA:24,3,1,0
BRDA:24,4,0,79
BRDA:24,4,1,0
BRDA:26,5,0,0
BRDA:26,5,1,1
BRDA:26,6,0,1
BRDA:26,6,1,1
BRDA:28,7,0,0
BRDA:28,7,1,1
BRDA:28,8,0,1
BRDA:28,8,1,1
BRDA:38,9,0,0
BRDA:38,9,1,0
BRDA:50,10,0,0
BRDA:50,10,1,0
BRDA:50,10,2,0
BRDA:50,10,3,0
BRDA:50,10,4,0
BRDA:50,10,5,0
BRDA:50,10,6,0
BRDA:50,10,7,0
BRDA:50,10,8,0
BRDA:50,10,9,0
BRDA:52,11,0,0
BRDA:52,11,1,0
BRDA:67,12,0,0
BRDA:67,12,1,0
BRDA:82,13,0,0
BRDA:82,13,1,0
BRDA:113,14,0,0
BRDA:113,14,1,0
BRDA:113,14,2,0
BRDA:113,14,3,0
BRDA:136,15,0,0
BRDA:136,15,1,0
BRDA:136,15,2,0
BRDA:136,15,3,0
BRDA:136,15,4,0
BRDA:136,15,5,0
BRDA:136,15,6,0
BRDA:145,16,0,0
BRDA:145,16,1,0
BRDA:159,17,0,0
BRDA:159,17,1,0
BRDA:183,18,0,0
BRDA:183,18,1,1
BRF:51
BRH:12
end_of_record
TN:
SF:/home/tvirolai/dev/marc-record-validate-cli/build/config.js
FN:16,_interopRequireDefault
FNF:1
FNH:1
FNDA:2,_interopRequireDefault
DA:3,1
DA:6,1
DA:8,1
DA:10,1
DA:12,1
DA:14,1
DA:16,2
DA:21,1
DA:51,1
DA:57,1
DA:59,1
DA:60,1
DA:61,1
LF:13
LH:13
BRDA:16,1,0,0
BRDA:16,1,1,2
BRDA:16,2,0,2
BRDA:16,2,1,2
BRDA:52,3,0,1
BRDA:52,3,1,1
BRDA:57,4,0,1
BRDA:57,4,1,1
BRF:8
BRH:7
end_of_record
